#
# There is insufficient memory for the Java Runtime Environment to continue.
# Native memory allocation (mmap) failed to map 134217728 bytes for G1 virtual space
# Possible reasons:
#   The system is out of physical RAM or swap space
#   The process is running with CompressedOops enabled, and the Java Heap may be blocking the growth of the native heap
# Possible solutions:
#   Reduce memory load on the system
#   Increase physical memory or swap space
#   Check if swap backing store is full
#   Decrease Java heap size (-Xmx/-Xms)
#   Decrease number of Java threads
#   Decrease Java thread stack sizes (-Xss)
#   Set larger code cache with -XX:ReservedCodeCacheSize=
#   JVM is running with Unscaled Compressed Oops mode in which the Java heap is
#     placed in the first 4GB address space. The Java Heap base address is the
#     maximum limit for the native heap growth. Please use -XX:HeapBaseMinAddress
#     to set the Java Heap base and to place the Java Heap above 4GB virtual address.
# This output file may be truncated or incomplete.
#
#  Out of Memory Error (os_windows.cpp:3532), pid=5460, tid=9156
#
# JRE version:  (17.0.2+8) (build )
# Java VM: Java HotSpot(TM) 64-Bit Server VM (17.0.2+8-LTS-86, mixed mode, sharing, tiered, compressed oops, compressed class ptrs, g1 gc, windows-amd64)
# No core dump will be written. Minidumps are not enabled by default on client versions of Windows
#

---------------  S U M M A R Y ------------

Command Line: -javaagent:D:\software\New folder\lib\idea_rt.jar=52174:D:\software\New folder\bin -Dfile.encoding=UTF-8 com.masai.Evalluation

Host: Intel(R) Core(TM) i5-8250U CPU @ 1.60GHz, 8 cores, 7G,  Windows 11 , 64 bit Build 22000 (10.0.22000.318)
Time: Mon May  2 09:59:08 2022 India Standard Time elapsed time: 0.039676 seconds (0d 0h 0m 0s)

---------------  T H R E A D  ---------------

Current thread (0x0000020b775c13d0):  JavaThread "Unknown thread" [_thread_in_vm, id=9156, stack(0x000000f8ec800000,0x000000f8ec900000)]

Stack: [0x000000f8ec800000,0x000000f8ec900000]
Native frames: (J=compiled Java code, j=interpreted, Vv=VM code, C=native code)
V  [jvm.dll+0x670baa]
V  [jvm.dll+0x7cfcb4]
V  [jvm.dll+0x7d145e]
V  [jvm.dll+0x7d1ac3]
V  [jvm.dll+0x242bc5]
V  [jvm.dll+0x66dac9]
V  [jvm.dll+0x662412]
V  [jvm.dll+0x300c0b]
V  [jvm.dll+0x3081a6]
V  [jvm.dll+0x357d0e]
V  [jvm.dll+0x357f3f]
V  [jvm.dll+0x2d7ec8]
V  [jvm.dll+0x2d8e34]
V  [jvm.dll+0x7a18c1]
V  [jvm.dll+0x365a91]
V  [jvm.dll+0x780d2c]
V  [jvm.dll+0x3e845f]
V  [jvm.dll+0x3e9f01]
C  [jli.dll+0x527b]
C  [ucrtbase.dll+0x26c0c]
C  [KERNEL32.DLL+0x154e0]
C  [ntdll.dll+0x485b]


---------------  P R O C E S S  ---------------

Threads class SMR info:
_java_thread_list=0x00007fff92259858, length=0, elements={
}

Java Threads: ( => current thread )

Other Threads:
  0x0000020b77601200 GCTaskThread "GC Thread#0" [stack: 0x000000f8ec900000,0x000000f8eca00000] [id=500]
  0x0000020b77611e90 ConcurrentGCThread "G1 Main Marker" [stack: 0x000000f8eca00000,0x000000f8ecb00000] [id=12384]
  0x0000020b77614990 ConcurrentGCThread "G1 Conc#0" [stack: 0x000000f8ecb00000,0x000000f8ecc00000] [id=9528]

[error occurred during error reporting (printing all threads), id 0xc0000005, EXCEPTION_ACCESS_VIOLATION (0xc0000005) at pc=0x00007fff91aa88a7]

VM state: not at safepoint (not fully initialized)

VM Mutex/Monitor currently owned by a thread:  ([mutex/lock_event])
[0x0000020b775bc6f0] Heap_lock - owner thread: 0x0000020b775c13d0

Heap address: 0x0000000081600000, size: 2026 MB, Compressed Oops mode: 32-bit

CDS archive(s) mapped at: [0x0000000000000000-0x0000000000000000-0x0000000000000000), size 0, SharedBaseAddress: 0x0000000800000000, ArchiveRelocationMode: 0.
Narrow klass base: 0x0000000000000000, Narrow klass shift: 0, Narrow klass range: 0x0

GC Precious Log:
<Empty>

Heap:
 garbage-first heap   total 0K, used 0K [0x0000000081600000, 0x0000000100000000)
  region size 1024K, 0 young (0K), 0 survivors (0K)

[error occurred during error reporting (printing heap information), id 0xc0000005, EXCEPTION_ACCESS_VIOLATION (0xc0000005) at pc=0x00007fff91e89f19]

GC Heap History (0 events):
No events

Deoptimization events (0 events):
No events

Classes unloaded (0 events):
No events

Classes redefined (0 events):
No events

Internal exceptions (0 events):
No events

VM Operations (0 events):
No events

Events (1 events):
Event: 0.031 Loaded shared library C:\Program Files\Java\jdk-17.0.2\bin\java.dll


Dynamic libraries:
0x00007ff657120000 - 0x00007ff657130000 	C:\Program Files\Java\jdk-17.0.2\bin\java.exe
0x00007ff811060000 - 0x00007ff811267000 	C:\Windows\SYSTEM32\ntdll.dll
0x00007fffedfb0000 - 0x00007fffedfc6000 	C:\Program Files\Avast Software\Avast\aswhook.dll
0x00007ff80f840000 - 0x00007ff80f8fd000 	C:\Windows\System32\KERNEL32.DLL
0x00007ff80e720000 - 0x00007ff80ea94000 	C:\Windows\System32\KERNELBASE.dll
0x00007ff80e540000 - 0x00007ff80e651000 	C:\Windows\System32\ucrtbase.dll
0x00007fffed840000 - 0x00007fffed858000 	C:\Program Files\Java\jdk-17.0.2\bin\jli.dll
0x00007fffed4e0000 - 0x00007fffed4fa000 	C:\Program Files\Java\jdk-17.0.2\bin\VCRUNTIME140.dll
0x00007ff80f900000 - 0x00007ff80f9ac000 	C:\Windows\System32\ADVAPI32.dll
0x00007ff810600000 - 0x00007ff8106a3000 	C:\Windows\System32\msvcrt.dll
0x00007ff80ff80000 - 0x00007ff81001d000 	C:\Windows\System32\sechost.dll
0x00007ff8104d0000 - 0x00007ff8105f1000 	C:\Windows\System32\RPCRT4.dll
0x00007ff80fb50000 - 0x00007ff80fcfc000 	C:\Windows\System32\USER32.dll
0x00007ff803030000 - 0x00007ff8032d5000 	C:\Windows\WinSxS\amd64_microsoft.windows.common-controls_6595b64144ccf1df_6.0.22000.120_none_9d947278b86cc467\COMCTL32.dll
0x00007ff80ecb0000 - 0x00007ff80ecd6000 	C:\Windows\System32\win32u.dll
0x00007ff80fd70000 - 0x00007ff80fd99000 	C:\Windows\System32\GDI32.dll
0x00007ff80edd0000 - 0x00007ff80eee2000 	C:\Windows\System32\gdi32full.dll
0x00007ff80eaa0000 - 0x00007ff80eb3d000 	C:\Windows\System32\msvcp_win.dll
0x00007ff806520000 - 0x00007ff80652a000 	C:\Windows\SYSTEM32\VERSION.dll
0x00007ff810490000 - 0x00007ff8104c1000 	C:\Windows\System32\IMM32.DLL
0x00007ffff1950000 - 0x00007ffff195c000 	C:\Program Files\Java\jdk-17.0.2\bin\vcruntime140_1.dll
0x00007fffb52e0000 - 0x00007fffb536d000 	C:\Program Files\Java\jdk-17.0.2\bin\msvcp140.dll
0x00007fff917c0000 - 0x00007fff92381000 	C:\Program Files\Java\jdk-17.0.2\bin\server\jvm.dll
0x00007ff80f9b0000 - 0x00007ff80f9b8000 	C:\Windows\System32\PSAPI.DLL
0x00007ffffb9c0000 - 0x00007ffffb9c9000 	C:\Windows\SYSTEM32\WSOCK32.dll
0x00007ff808300000 - 0x00007ff808333000 	C:\Windows\SYSTEM32\WINMM.dll
0x00007ff80eef0000 - 0x00007ff80ef5f000 	C:\Windows\System32\WS2_32.dll
0x00007ff80d750000 - 0x00007ff80d768000 	C:\Windows\SYSTEM32\kernel.appcore.dll
0x00007fffee340000 - 0x00007fffee34a000 	C:\Program Files\Java\jdk-17.0.2\bin\jimage.dll
0x00007ff80c320000 - 0x00007ff80c541000 	C:\Windows\SYSTEM32\DBGHELP.DLL
0x00007ff805110000 - 0x00007ff805141000 	C:\Windows\SYSTEM32\dbgcore.DLL
0x00007ff80ece0000 - 0x00007ff80ed60000 	C:\Windows\System32\bcryptPrimitives.dll
0x00007fffed550000 - 0x00007fffed55e000 	C:\Program Files\Java\jdk-17.0.2\bin\instrument.dll
0x00007fffed080000 - 0x00007fffed0a5000 	C:\Program Files\Java\jdk-17.0.2\bin\java.dll

dbghelp: loaded successfully - version: 4.0.5 - missing functions: none
symbol engine: initialized successfully - sym options: 0x614 - pdb path: .;C:\Program Files\Java\jdk-17.0.2\bin;C:\Windows\SYSTEM32;C:\Program Files\Avast Software\Avast;C:\Windows\WinSxS\amd64_microsoft.windows.common-controls_6595b64144ccf1df_6.0.22000.120_none_9d947278b86cc467;C:\Program Files\Java\jdk-17.0.2\bin\server

VM Arguments:
jvm_args: -javaagent:D:\software\New folder\lib\idea_rt.jar=52174:D:\software\New folder\bin -Dfile.encoding=UTF-8 
java_command: com.masai.Evalluation
java_class_path (initial): F:\Git repo\Low_Level_Design\out\production\Low_Level_Design
Launcher Type: SUN_STANDARD

[Global flags]
     intx CICompilerCount                          = 4                                         {product} {ergonomic}
     uint ConcGCThreads                            = 2                                         {product} {ergonomic}
     uint G1ConcRefinementThreads                  = 8                                         {product} {ergonomic}
   size_t G1HeapRegionSize                         = 1048576                                   {product} {ergonomic}
    uintx GCDrainStackTargetSize                   = 64                                        {product} {ergonomic}
   size_t InitialHeapSize                          = 134217728                                 {product} {ergonomic}
   size_t MarkStackSize                            = 4194304                                   {product} {ergonomic}
   size_t MaxHeapSize                              = 2124414976                                {product} {ergonomic}
   size_t MinHeapDeltaBytes                        = 1048576                                   {product} {ergonomic}
   size_t MinHeapSize                              = 8388608                                   {product} {ergonomic}
    uintx NonNMethodCodeHeapSize                   = 5839372                                {pd product} {ergonomic}
    uintx NonProfiledCodeHeapSize                  = 122909434                              {pd product} {ergonomic}
    uintx ProfiledCodeHeapSize                     = 122909434                              {pd product} {ergonomic}
    uintx ReservedCodeCacheSize                    = 251658240                              {pd product} {ergonomic}
     bool SegmentedCodeCache                       = true                                      {product} {ergonomic}
   size_t SoftMaxHeapSize                          = 2124414976                             {manageable} {ergonomic}
     bool UseCompressedClassPointers               = true                           {product lp64_product} {ergonomic}
     bool UseCompressedOops                        = true                           {product lp64_product} {ergonomic}
     bool UseG1GC                                  = true                                      {product} {ergonomic}
     bool UseLargePagesIndividualAllocation        = false                                  {pd product} {ergonomic}

Logging:
Log output configuration:
 #0: stdout all=warning uptime,level,tags
 #1: stderr all=off uptime,level,tags

Environment Variables:
JAVA_HOME=C:\Program Files\Java\jdk-17.0.2
PATH=C:\Program Files\Common Files\Oracle\Java\javapath;C:\Program Files (x86)\Common Files\Oracle\Java\javapath;C:\Python310\;C:\Windows\system32;C:\Windows;C:\Windows\System32\Wbem;C:\Windows\System32\WindowsPowerShell\v1.0\;C:\Windows\System32\OpenSSH\;C:\Program Files\nodejs\;C:\ProgramData\chocolatey\bin;C:\Program Files\Git\cmd;C:\Users\Admin\AppData\Local\Microsoft\WindowsApps;C:\Users\Admin\AppData\Local\Programs\Microsoft VS Code\bin;C:\Users\Admin\AppData\Roaming\npm;C:\Users\Admin\AppData\Local\GitHubDesktop\bin
USERNAME=Admin
OS=Windows_NT
PROCESSOR_IDENTIFIER=Intel64 Family 6 Model 142 Stepping 10, GenuineIntel



---------------  S Y S T E M  ---------------

OS:
 Windows 11 , 64 bit Build 22000 (10.0.22000.318)
OS uptime: 0 days 1:13 hours

CPU: total 8 (initial active 8) (4 cores per cpu, 2 threads per core) family 6 model 142 stepping 10 microcode 0xea, cx8, cmov, fxsr, ht, mmx, 3dnowpref, sse, sse2, sse3, ssse3, sse4.1, sse4.2, popcnt, lzcnt, tsc, tscinvbit, avx, avx2, aes, erms, clmul, bmi1, bmi2, adx, fma, vzeroupper, clflush, clflushopt

Memory: 4k page, system-wide physical 8103M (958M free)
TotalPageFile size 8103M (AvailPageFile size 19M)
current process WorkingSet (physical memory assigned to process): 10M, peak: 10M
current process commit charge ("private bytes"): 60M, peak: 188M

vm_info: Java HotSpot(TM) 64-Bit Server VM (17.0.2+8-LTS-86) for windows-amd64 JRE (17.0.2+8-LTS-86), built on Dec  7 2021 21:51:03 by "mach5one" with MS VC++ 16.8 / 16.9 (VS2019)

END.
